Arguments: 
  C:\Program Files\nodejs\node.exe C:\Users\mariele.belle\AppData\Local\Yarn\Data\global\node_modules\yarn\bin\yarn.js add -D @vtex/prettier-config@0.1.4 eslint@7.12.1 eslint-config-vtex@12.3.2 husky@4.2.3 lint-staged@10.1.1 prettier@2.0.2 typescript@3.8.3

PATH: 
  C:\Python311\Scripts\;C:\Python311\;C:\Python310\Scripts\;C:\Python310\;C:\WINDOWS\system32;C:\WINDOWS;C:\WINDOWS\System32\Wbem;C:\WINDOWS\System32\WindowsPowerShell\v1.0\;C:\WINDOWS\System32\OpenSSH\;C:\Program Files\Microsoft VS Code\bin;C:\Program Files\Git\cmd;C:\Program Files (x86)\Yarn\bin\;C:\ProgramData\chocolatey\bin;%NVM_HOME%;%NVM_SYMLINK%;C:\Users\mariele.belle\AppData\Local\Microsoft\WindowsApps;C:\Users\mariele.belle\AppData\Local\Yarn\bin;C:\Users\mariele.belle\AppData\Local\GitHubDesktop\bin;C:\Users\mariele.belle\AppData\Roaming\npm;C:\Users\mariele.belle\AppData\Roaming\nvm;C:\Program Files\nodejs

Yarn version: 
  1.22.10

Node version: 
  18.15.0

Platform: 
  win32 x64

Trace: 
  Error: EPERM: operation not permitted, unlink 'C:\Users\mariele.belle\Documents\projetosclonados\VTEXIO-base-v2\node_modules\node-sass\vendor\win32-x64-108\binding.node'

npm manifest: 
  {
    "name": "wecode",
    "private": true,
    "license": "MIT",
    "scripts": {
      "lint": "eslint --ext js,jsx,ts,tsx .",
      "format": "prettier --write \"**/*.{ts,tsx,js,jsx,json}\""
    },
    "husky": {
      "hooks": {
        "pre-commit": "lint-staged"
      }
    },
    "lint-staged": {
      "*.{ts,js,tsx,jsx}": [
        "eslint --fix",
        "prettier --write"
      ],
      "*.{json,graphql,gql}": [
        "prettier --write"
      ]
    },
    "devDependencies": {},
    "version": "1.0.0",
    "description": "wecode testes",
    "main": "index.js",
    "repository": "https://github.com/ArtthurMagnabosco/VTEXIO-base-v2.git",
    "author": "mariele"
  }

yarn manifest: 
  No manifest

Lockfile: 
  # THIS IS AN AUTOGENERATED FILE. DO NOT EDIT THIS FILE DIRECTLY.
  # yarn lockfile v1
