Arguments: 
  C:\Program Files\nodejs\node.exe C:\Program Files\vtex\client\node_modules\yarn\bin\yarn.js --non-interactive --ignore-engines

PATH: 
  C:\WINDOWS\system32;C:\WINDOWS;C:\WINDOWS\System32\Wbem;C:\WINDOWS\System32\WindowsPowerShell\v1.0\;C:\WINDOWS\System32\OpenSSH\;C:\Program Files\Microsoft VS Code\bin;C:\Program Files\Git\cmd;C:\Users\henry.minetto\AppData\Roaming\nvm;C:\Program Files\nodejs;C:\Program Files\nodejs\;C:\Users\henry.minetto\AppData\Local\Programs\Python\Python311\Scripts\;C:\Users\henry.minetto\AppData\Local\Programs\Python\Python311\;C:\Program Files\nodejs;C:\Users\henry.minetto\AppData\Local\Microsoft\WindowsApps;C:\Users\henry.minetto\AppData\Local\GitHubDesktop\bin;C:\Program Files\vtex\bin;C:\Users\henry.minetto\AppData\Roaming\nvm;C:\Program Files\nodejs;C:\Users\henry.minetto\AppData\Roaming\npm;

Yarn version: 
  1.22.10

Node version: 
  16.20.0

Platform: 
  win32 x64

Trace: 
  Error: https://otaviodev--djmoveis.myvtex.com/_v/private/typings/linked/v1/djmoveis.loja-djmoveis@19.0.0+build1686597377/public/@types/djmoveis.loja-djmoveis: Request failed "500 Internal Server Error"
      at ResponseError.ExtendableBuiltin (C:\Program Files\vtex\client\node_modules\yarn\lib\cli.js:696:66)
      at new ResponseError (C:\Program Files\vtex\client\node_modules\yarn\lib\cli.js:802:124)
      at Request.<anonymous> (C:\Program Files\vtex\client\node_modules\yarn\lib\cli.js:67058:16)
      at Request.emit (node:events:513:28)
      at Request.module.exports.Request.onRequestResponse (C:\Program Files\vtex\client\node_modules\yarn\lib\cli.js:141539:10)
      at ClientRequest.emit (node:events:513:28)
      at HTTPParser.parserOnIncomingClient (node:_http_client:693:27)
      at HTTPParser.parserOnHeadersComplete (node:_http_common:128:17)
      at TLSSocket.socketOnData (node:_http_client:534:22)
      at TLSSocket.emit (node:events:513:28)

npm manifest: 
  {
    "name": "recat",
    "version": "1.0.0",
    "description": "",
    "author": "",
    "license": "MIT",
    "main": "index.js",
    "dependencies": {
      "axios": "^0.26.1",
      "bootstrap": "^5.1.1",
      "classnames": "^2.3.1",
      "gulp-autoprefixer": "^8.0.0",
      "js-cookie": "^3.0.1",
      "react-apollo": "^3.1.5",
      "react-copy-to-clipboard": "^5.1.0",
      "react-modal": "^3.14.4",
      "react-router-dom": "^6.2.2",
      "react-share": "^4.4.1",
      "react-sticky": "^6.0.3",
      "yup": "^0.32.11"
    },
    "devDependencies": {
      "djmoveis.loja-djmoveis": "https://otaviodev--djmoveis.myvtex.com/_v/private/typings/linked/v1/djmoveis.loja-djmoveis@19.0.0+build1686597377/public/@types/djmoveis.loja-djmoveis",
      "vtex.add-to-cart-button": "http://vtex.vtexassets.com/_v/public/typings/v1/vtex.add-to-cart-button@0.30.1/public/@types/vtex.add-to-cart-button",
      "vtex.availability-notify": "http://vtex.vtexassets.com/_v/public/typings/v1/vtex.availability-notify@1.11.1/public/@types/vtex.availability-notify",
      "vtex.checkout-resources": "http://vtex.vtexassets.com/_v/public/typings/v1/vtex.checkout-resources@0.49.0/public/@types/vtex.checkout-resources",
      "vtex.condition-layout": "http://vtex.vtexassets.com/_v/public/typings/v1/vtex.condition-layout@2.8.1/public/@types/vtex.condition-layout",
      "vtex.iframe": "http://vtex.vtexassets.com/_v/public/typings/v1/vtex.iframe@0.6.0/public/@types/vtex.iframe",
      "vtex.locale-switcher": "http://vtex.vtexassets.com/_v/public/typings/v1/vtex.locale-switcher@0.5.6/public/@types/vtex.locale-switcher",
      "vtex.login": "http://vtex.vtexassets.com/_v/public/typings/v1/vtex.login@2.57.0/public/@types/vtex.login",
      "vtex.menu": "http://vtex.vtexassets.com/_v/public/typings/v1/vtex.menu@2.35.1/public/@types/vtex.menu",
      "vtex.minicart": "http://vtex.vtexassets.com/_v/public/typings/v1/vtex.minicart@2.67.1/public/@types/vtex.minicart",
      "vtex.modal-layout": "http://vtex.vtexassets.com/_v/public/typings/v1/vtex.modal-layout@0.14.0/public/@types/vtex.modal-layout",
      "vtex.my-account": "http://vtex.vtexassets.com/_v/public/typings/v1/vtex.my-account@1.25.0/public/@types/vtex.my-account",
      "vtex.native-types": "http://vtex.vtexassets.com/_v/public/typings/v1/vtex.native-types@0.10.0/public/@types/vtex.native-types",
      "vtex.order-manager": "http://vtex.vtexassets.com/_v/public/typings/v1/vtex.order-manager@0.12.0/public/@types/vtex.order-manager",
      "vtex.order-placed": "http://vtex.vtexassets.com/_v/public/typings/v1/vtex.order-placed@2.17.0/public/@types/vtex.order-placed",
      "vtex.pixel-manager": "http://vtex.vtexassets.com/_v/public/typings/v1/vtex.pixel-manager@1.9.0/public/@types/vtex.pixel-manager",
      "vtex.product-availability": "http://vtex.vtexassets.com/_v/public/typings/v1/vtex.product-availability@0.3.1/public/@types/vtex.product-availability",
      "vtex.product-context": "http://vtex.vtexassets.com/_v/public/typings/v1/vtex.product-context@0.10.0/public/@types/vtex.product-context",
      "vtex.product-details": "http://vtex.vtexassets.com/_v/public/typings/v1/vtex.product-details@1.22.0/public/@types/vtex.product-details",
      "vtex.product-highlights": "http://vtex.vtexassets.com/_v/public/typings/v1/vtex.product-highlights@2.3.0/public/@types/vtex.product-highlights",
      "vtex.product-list": "http://vtex.vtexassets.com/_v/public/typings/v1/vtex.product-list@0.37.1/public/@types/vtex.product-list",
      "vtex.product-price": "http://vtex.vtexassets.com/_v/public/typings/v1/vtex.product-price@1.31.0/public/@types/vtex.product-price",
      "vtex.product-quantity": "http://vtex.vtexassets.com/_v/public/typings/v1/vtex.product-quantity@1.9.0/public/@types/vtex.product-quantity",
      "vtex.product-review-interfaces": "http://vtex.vtexassets.com/_v/public/typings/v1/vtex.product-review-interfaces@1.0.2/public/_types/react",
      "vtex.product-specification-badges": "http://vtex.vtexassets.com/_v/public/typings/v1/vtex.product-specification-badges@0.3.0/public/@types/vtex.product-specification-badges",
      "vtex.product-specifications": "http://vtex.vtexassets.com/_v/public/typings/v1/vtex.product-specifications@1.1.1/public/@types/vtex.product-specifications",
      "vtex.render-runtime": "http://vtex.vtexassets.com/_v/public/typings/v1/vtex.render-runtime@8.133.2/public/@types/vtex.render-runtime",
      "vtex.responsive-layout": "http://vtex.vtexassets.com/_v/public/typings/v1/vtex.responsive-layout@0.1.2/public/@types/vtex.responsive-layout",
      "vtex.rich-text": "http://vtex.vtexassets.com/_v/public/typings/v1/vtex.rich-text@0.16.0/public/@types/vtex.rich-text",
      "vtex.search": "http://vtex.vtexassets.com/_v/public/typings/v1/vtex.search@2.16.0/public/@types/vtex.search",
      "vtex.search-page-context": "http://vtex.vtexassets.com/_v/public/typings/v1/vtex.search-page-context@0.2.0/public/@types/vtex.search-page-context",
      "vtex.search-result": "http://vtex.vtexassets.com/_v/public/typings/v1/vtex.search-result@3.122.3/public/@types/vtex.search-result",
      "vtex.shelf": "http://vtex.vtexassets.com/_v/public/typings/v1/vtex.shelf@1.47.3/public/@types/vtex.shelf",
      "vtex.similar-products-variants": "http://vtex.vtexassets.com/_v/public/typings/v1/vtex.similar-products-variants@0.1.0/public/@types/vtex.similar-products-variants",
      "vtex.slider": "http://vtex.vtexassets.com/_v/public/typings/v1/vtex.slider@0.8.3/public/@types/vtex.slider",
      "vtex.slider-layout": "http://vtex.vtexassets.com/_v/public/typings/v1/vtex.slider-layout@0.24.3/public/@types/vtex.slider-layout",
      "vtex.sticky-layout": "http://vtex.vtexassets.com/_v/public/typings/v1/vtex.sticky-layout@0.3.4/public/@types/vtex.sticky-layout",
      "vtex.store-footer": "http://vtex.vtexassets.com/_v/public/typings/v1/vtex.store-footer@2.27.0/public/@types/vtex.store-footer",
      "vtex.store-form": "http://vtex.vtexassets.com/_v/public/typings/v1/vtex.store-form@0.10.0/public/@types/vtex.store-form",
      "vtex.store-icons": "http://vtex.vtexassets.com/_v/public/typings/v1/vtex.store-icons@0.18.0/public/@types/vtex.store-icons",
      "vtex.store-newsletter": "http://vtex.vtexassets.com/_v/public/typings/v1/vtex.store-newsletter@1.3.0/public/@types/vtex.store-newsletter",
      "vtex.store-resources": "http://vtex.vtexassets.com/_v/public/typings/v1/vtex.store-resources@0.90.0/public/@types/vtex.store-resources",
      "vtex.tab-layout": "http://vtex.vtexassets.com/_v/public/typings/v1/vtex.tab-layout@0.4.3/public/@types/vtex.tab-layout",
      "vtex.toggle-layout": "http://vtex.vtexassets.com/_v/public/typings/v1/vtex.toggle-layout@0.0.3/public/@types/vtex.toggle-layout",
      "vtex.wish-list": "http://vtex.vtexassets.com/_v/public/typings/v1/vtex.wish-list@1.16.0/public/@types/vtex.wish-list",
     
    }
  }

yarn manifest: 
  No manifest

Lockfile: 
  # THIS IS AN AUTOGENERATED FILE. DO NOT EDIT THIS FILE DIRECTLY.
  # yarn lockfile v1
  
  
  "@apollo/react-common@^3.1.4":
    version "3.1.4"
    resolved "https://registry.yarnpkg.com/@apollo/react-common/-/react-common-3.1.4.tgz#ec13c985be23ea8e799c9ea18e696eccc97be345"
    integrity sha512-X5Kyro73bthWSCBJUC5XYQqMnG0dLWuDZmVkzog9dynovhfiVCV4kPSdgSIkqnb++cwCzOVuQ4rDKVwo2XRzQA==
    dependencies:
      ts-invariant "^0.4.4"
      tslib "^1.10.0"
  
  "@apollo/react-components@^3.1.5":
    version "3.1.5"
    resolved "https://registry.yarnpkg.com/@apollo/react-components/-/react-components-3.1.5.tgz#040d2f35ce4947747efe16f76d59dcbd797ffdaf"
    integrity sha512-c82VyUuE9VBnJB7bnX+3dmwpIPMhyjMwyoSLyQWPHxz8jK4ak30XszJtqFf4eC4hwvvLYa+Ou6X73Q8V8e2/jg==
    dependencies:
      "@apollo/react-common" "^3.1.4"
      "@apollo/react-hooks" "^3.1.5"
      prop-types "^15.7.2"
      ts-invariant "^0.4.4"
      tslib "^1.10.0"
  
  "@apollo/react-hoc@^3.1.5":
    version "3.1.5"
    resolved "https://registry.yarnpkg.com/@apollo/react-hoc/-/react-hoc-3.1.5.tgz#6552d2fb4aafc59fdc8f4e353358b98b89cfab6f"
    integrity sha512-jlZ2pvEnRevLa54H563BU0/xrYSgWQ72GksarxUzCHQW85nmn9wQln0kLBX7Ua7SBt9WgiuYQXQVechaaCulfQ==
    dependencies:
      "@apollo/react-common" "^3.1.4"
      "@apollo/react-components" "^3.1.5"
      hoist-non-react-statics "^3.3.0"
      ts-invariant "^0.4.4"
      tslib "^1.10.0"
  
  "@apollo/react-hooks@^3.1.5":
    version "3.1.5"
    resolved "https://registry.yarnpkg.com/@apollo/react-hooks/-/react-hooks-3.1.5.tgz#7e710be52461255ae7fc0b3b9c2ece64299c10e6"
    integrity sha512-y0CJ393DLxIIkksRup4nt+vSjxalbZBXnnXxYbviq/woj+zKa431zy0yT4LqyRKpFy9ahMIwxBnBwfwIoupqLQ==
    dependencies:
      "@apollo/react-common" "^3.1.4"
      "@wry/equality" "^0.1.9"
      ts-invariant "^0.4.4"
      tslib "^1.10.0"
  
  "@apollo/react-ssr@^3.1.5":
    version "3.1.5"
    resolved "https://registry.yarnpkg.com/@apollo/react-ssr/-/react-ssr-3.1.5.tgz#53703cd493afcde567acc6d5512cab03dafce6de"
    integrity sha512-wuLPkKlctNn3u8EU8rlECyktpOUCeekFfb0KhIKknpGY6Lza2Qu0bThx7D9MIbVEzhKadNNrzLcpk0Y8/5UuWg==
    dependencies:
      "@apollo/react-common" "^3.1.4"
      "@apollo/react-hooks" "^3.1.5"
      tslib "^1.10.0"
  
  "@babel/runtime@^7.15.4", "@babel/runtime@^7.7.6":
    version "7.18.3"
    resolved "https://registry.yarnpkg.com/@babel/runtime/-/runtime-7.18.3.tgz#c7b654b57f6f63cf7f8b418ac9ca04408c4579f4"
    integrity sha512-38Y8f7YUhce/K7RMwTp7m0uCumpv9hZkitCbBClqQIow1qSbCvGkcegKOXpEWCQLfWmevgRiWokZ1GkpfhbZug==
    dependencies:
      regenerator-runtime "^0.13.4"
  
  "@types/lodash@^4.14.175":
    version "4.14.182"
    resolved "https://registry.yarnpkg.com/@types/lodash/-/lodash-4.14.182.tgz#05301a4d5e62963227eaafe0ce04dd77c54ea5c2"
    integrity sha512-/THyiqyQAP9AfARo4pF+aCGcyiQ94tX/Is2I7HofNRqoYLgN1PBoOWu2/zTA5zMxzP5EFutMtWtGAFRKUe961Q==
  
  "@wry/equality@^0.1.9":
    version "0.1.11"
    resolved "https://registry.yarnpkg.com/@wry/equality/-/equality-0.1.11.tgz#35cb156e4a96695aa81a9ecc4d03787bc17f1790"
    integrity sha512-mwEVBDUVODlsQQ5dfuLUS5/Tf7jqUKyhKYHmVi4fPB6bDMOfWvUPJmKgS1Z7Za/sOI3vzWt4+O7yCiL/70MogA==
    dependencies:
      tslib "^1.9.3"
  
  ansi-colors@^1.0.1:
    version "1.1.0"
    resolved "https://registry.yarnpkg.com/ansi-colors/-/ansi-colors-1.1.0.tgz#6374b4dd5d4718ff3ce27a671a3b1cad077132a9"
    integrity sha512-SFKX67auSNoVR38N3L+nvsPjOE0bybKTYbkf5tRvushrAPQ9V75huw0ZxBkKVeRU9kqH3d6HA4xTckbwZ4ixmA==
    dependencies:
      ansi-wrap "^0.1.0"
  
  ansi-gray@^0.1.1:
    version "0.1.1"
    resolved "https://registry.yarnpkg.com/ansi-gray/-/ansi-gray-0.1.1.tgz#2962cf54ec9792c48510a3deb524436861ef7251"
    integrity sha512-HrgGIZUl8h2EHuZaU9hTR/cU5nhKxpVE1V6kdGsQ8e4zirElJ5fvtfc8N7Q1oq1aatO275i8pUFUCpNWCAnVWw==
    dependencies:
      ansi-wrap "0.1.0"
  
  ansi-wrap@0.1.0, ansi-wrap@^0.1.0:
    version "0.1.0"
    resolved "https://registry.yarnpkg.com/ansi-wrap/-/ansi-wrap-0.1.0.tgz#a82250ddb0015e9a27ca82e82ea603bbfa45efaf"
    integrity sha512-ZyznvL8k/FZeQHr2T6LzcJ/+vBApDnMNZvfVFy3At0knswWd6rJ3/0Hhmpu8oqa6C92npmozs890sX9Dl6q+Qw==
  
  arr-diff@^4.0.0:
    version "4.0.0"
    resolved "https://registry.yarnpkg.com/arr-diff/-/arr-diff-4.0.0.tgz#d6461074febfec71e7e15235761a329a5dc7c520"
    integrity sha512-YVIQ82gZPGBebQV/a8dar4AitzCQs0jjXwMPZllpXMaGjXPYVUawSxQrRsjhjupyVxEvbHgUmIhKVlND+j02kA==
  
  arr-union@^3.1.0:
    version "3.1.0"
    resolved "https://registry.yarnpkg.com/arr-union/-/arr-union-3.1.0.tgz#e39b09aea9def866a8f206e288af63919bae39c4"
    integrity sha512-sKpyeERZ02v1FeCZT8lrfJq5u6goHCtpTAzPwJYe7c8SPFOboNjNg1vz2L4VTn9T4PQxEx13TbXLmYUcS6Ug7Q==
  
  assign-symbols@^1.0.0:
    version "1.0.0"
    resolved "https://registry.yarnpkg.com/assign-symbols/-/assign-symbols-1.0.0.tgz#59667f41fadd4f20ccbc2bb96b8d4f7f78ec0367"
    integrity sha512-Q+JC7Whu8HhmTdBph/Tq59IoRtoy6KAm5zzPv00WdujX82lbAL8K7WVjne7vdCsAmbF4AYaDOPyO3k0kl8qIrw==
  
  autoprefixer@^10.2.6:
    version "10.4.7"
    resolved "https://registry.yarnpkg.com/autoprefixer/-/autoprefixer-10.4.7.tgz#1db8d195f41a52ca5069b7593be167618edbbedf"
    integrity sha512-ypHju4Y2Oav95SipEcCcI5J7CGPuvz8oat7sUtYj3ClK44bldfvtvcxK6IEK++7rqB7YchDGzweZIBG+SD0ZAA==
    dependencies:
      browserslist "^4.20.3"
      caniuse-lite "^1.0.30001335"
      fraction.js "^4.2.0"
      normalize-range "^0.1.2"
      picocolors "^1.0.0"
      postcss-value-parser "^4.2.0"
  
  axios@^0.26.1:
    version "0.26.1"
    resolved "https://registry.yarnpkg.com/axios/-/axios-0.26.1.tgz#1ede41c51fcf51bbbd6fd43669caaa4f0495aaa9"
    integrity sha512-fPwcX4EvnSHuInCMItEhAGnaSEXRBjtzh9fOtsE6E1G6p7vl7edEeZe11QHf18+6+9gR5PbKV/sGKNaD8YaMeA==
    dependencies:
      follow-redirects "^1.14.8"
  
  bootstrap@^5.1.1:
    version "5.1.3"
    resolved "https://registry.yarnpkg.com/bootstrap/-/bootstrap-5.1.3.tgz#ba081b0c130f810fa70900acbc1c6d3c28fa8f34"
    integrity sha512-fcQztozJ8jToQWXxVuEyXWW+dSo8AiXWKwiSSrKWsRB/Qt+Ewwza+JWoLKiTuQLaEPhdNAJ7+Dosc9DOIqNy7Q==
  
  browserslist@^4.20.3:
    version "4.21.0"
    resolved "https://registry.yarnpkg.com/browserslist/-/browserslist-4.21.0.tgz#7ab19572361a140ecd1e023e2c1ed95edda0cefe"
    integrity sha512-UQxE0DIhRB5z/zDz9iA03BOfxaN2+GQdBYH/2WrSIWEUrnpzTPJbhqt+umq6r3acaPRTW1FNTkrcp0PXgtFkvA==
    dependencies:
      caniuse-lite "^1.0.30001358"
      electron-to-chromium "^1.4.164"
      node-releases "^2.0.5"
      update-browserslist-db "^1.0.0"
  
  caniuse-lite@^1.0.30001335, caniuse-lite@^1.0.30001358:
    version "1.0.30001358"
    resolved "https://registry.yarnpkg.com/caniuse-lite/-/caniuse-lite-1.0.30001358.tgz#473d35dabf5e448b463095cab7924e96ccfb8c00"
    integrity sha512-hvp8PSRymk85R20bsDra7ZTCpSVGN/PAz9pSAjPSjKC+rNmnUk5vCRgJwiTT/O4feQ/yu/drvZYpKxxhbFuChw==
  
  classnames@^2.3.1:
    version "2.3.1"
    resolved "https://registry.yarnpkg.com/classnames/-/classnames-2.3.1.tgz#dfcfa3891e306ec1dad105d0e88f4417b8535e8e"
    integrity sha512-OlQdbZ7gLfGarSqxesMesDa5uz7KFbID8Kpq/SxIoNGDqY8lSYs0D+hhtBXhcdB3rcbXArFr7vlHheLk1voeNA==
  
  classnames@^2.3.2:
    version "2.3.2"
    resolved "https://registry.yarnpkg.com/classnames/-/classnames-2.3.2.tgz#351d813bf0137fcc6a76a16b88208d2560a0d924"
    integrity sha512-CSbhY4cFEJRe6/GQzIk5qXZ4Jeg5pcsP7b5peFSDpffpe1cqjASH/n9UTjBwOp6XpMSTwQ8Za2K5V02ueA7Tmw==
  
  color-support@^1.1.3:
    version "1.1.3"
    resolved "https://registry.yarnpkg.com/color-support/-/color-support-1.1.3.tgz#93834379a1cc9a0c61f82f52f0d04322251bd5a2"
    integrity sha512-qiBjkpbMLO/HL68y+lh4q0/O1MZFj2RX6X/KmMa3+gJD3z+WwI1ZzDHysvqHGS3mP6mznPckpXmw1nI9cJjyRg==
  
  copy-to-clipboard@^3.3.1:
    version "3.3.3"
    resolved "https://registry.yarnpkg.com/copy-to-clipboard/-/copy-to-clipboard-3.3.3.tgz#55ac43a1db8ae639a4bd99511c148cdd1b83a1b0"
    integrity sha512-2KV8NhB5JqC3ky0r9PMCAZKbUHSwtEo4CwCs0KXgruG43gX5PMqDEBbVU4OUzw2MuAWUfsuFmWvEKG5QRfSnJA==
    dependencies:
      toggle-selection "^1.0.6"
  
  debug@^2.1.3:
    version "2.6.9"
    resolved "https://registry.yarnpkg.com/debug/-/debug-2.6.9.tgz#5d128515df134ff327e90a4c93f4e077a536341f"
    integrity sha512-bC7ElrdJaJnPbAP+1EotYvqZsb3ecl5wi6Bfi6BJTUcNowp6cvspg0jXznRTKDjm/E7AdgFBVeAPVMNcKGsHMA==
    dependencies:
      ms "2.0.0"
  
  "djmoveis.loja-djmoveis@https://otaviodev--djmoveis.myvtex.com/_v/private/typings/linked/v1/djmoveis.loja-djmoveis@19.0.0+build1686597377/public/@types/djmoveis.loja-djmoveis":
    version "19.0.0"
    resolved "https://otaviodev--djmoveis.myvtex.com/_v/private/typings/linked/v1/djmoveis.loja-djmoveis@19.0.0+build1686597377/public/@types/djmoveis.loja-djmoveis#286889474519ecdbd0761d56510336025a2ccccc"
  
  electron-to-chromium@^1.4.164:
    version "1.4.165"
    resolved "https://registry.yarnpkg.com/electron-to-chromium/-/electron-to-chromium-1.4.165.tgz#a1ae079a4412b0c2d3bf6908e8db54511fb0bbac"
    integrity sha512-DKQW1lqUSAYQvn9dnpK7mWaDpWbNOXQLXhfCi7Iwx0BKxdZOxkKcCyKw1l3ihWWW5iWSxKKbhEUoNRoHvl/hbA==
  
  escalade@^3.1.1:
    version "3.1.1"
    resolved "https://registry.yarnpkg.com/escalade/-/escalade-3.1.1.tgz#d8cfdc7000965c5a0174b4a82eaa5c0552742e40"
    integrity sha512-k0er2gUkLf8O0zKJiAhmkTnJlTvINGv7ygDNPbeIsX/TJjGJZHuh9B2UxbsaEkmlEo9MfhrSzmhIlhRlI2GXnw==
  
  exenv@^1.2.0:
    version "1.2.2"
    resolved "https://registry.yarnpkg.com/exenv/-/exenv-1.2.2.tgz#2ae78e85d9894158670b03d47bec1f03bd91bb9d"
    integrity sha512-Z+ktTxTwv9ILfgKCk32OX3n/doe+OcLTRtqK9pcL+JsP3J1/VW8Uvl4ZjLlKqeW4rzK4oesDOGMEMRIZqtP4Iw==
  
  extend-shallow@^3.0.2:
    version "3.0.2"
    resolved "https://registry.yarnpkg.com/extend-shallow/-/extend-shallow-3.0.2.tgz#26a71aaf073b39fb2127172746131c2704028db8"
    integrity sha512-BwY5b5Ql4+qZoefgMj2NUmx+tehVTH/Kf4k1ZEtOHNFcm2wSxMRo992l6X3TIgni2eZVTZ85xMOjF31fwZAj6Q==
    dependencies:
      assign-symbols "^1.0.0"
      is-extendable "^1.0.1"
  
  fancy-log@^1.3.3:
    version "1.3.3"
    resolved "https://registry.yarnpkg.com/fancy-log/-/fancy-log-1.3.3.tgz#dbc19154f558690150a23953a0adbd035be45fc7"
    integrity sha512-k9oEhlyc0FrVh25qYuSELjr8oxsCoc4/LEZfg2iJJrfEk/tZL9bCoJE47gqAvI2m/AUjluCS4+3I0eTx8n3AEw==
    dependencies:
      ansi-gray "^0.1.1"
      color-support "^1.1.3"
      parse-node-version "^1.0.0"
      time-stamp "^1.0.0"
  
  follow-redirects@^1.14.8:
    version "1.15.1"
    resolved "https://registry.yarnpkg.com/follow-redirects/-/follow-redirects-1.15.1.tgz#0ca6a452306c9b276e4d3127483e29575e207ad5"
    integrity sha512-yLAMQs+k0b2m7cVxpS1VKJVvoz7SS9Td1zss3XRwXj+ZDH00RJgnuLx7E44wx02kQLrdM3aOOy+FpzS7+8OizA==
  
  fraction.js@^4.2.0:
    version "4.2.0"
    resolved "https://registry.yarnpkg.com/fraction.js/-/fraction.js-4.2.0.tgz#448e5109a313a3527f5a3ab2119ec4cf0e0e2950"
    integrity sha512-MhLuK+2gUcnZe8ZHlaaINnQLl0xRIGRfcGk2yl8xoQAfHrSsL3rYu6FCmBdkdbhc9EPlwyGHewaRsvwRMJtAlA==
  
  gulp-autoprefixer@^8.0.0:
    version "8.0.0"
    resolved "https://registry.yarnpkg.com/gulp-autoprefixer/-/gulp-autoprefixer-8.0.0.tgz#ee2413d6cb9f7cc2f01b7d9835b46e58e326b88d"
    integrity sha512-sVR++PIaXpa81p52dmmA/jt50bw0egmylK5mjagfgOJ8uLDGaF9tHyzvetkY9Uo0gBZUS5sVqN3kX/GlUKOyog==
    dependencies:
      autoprefixer "^10.2.6"
      fancy-log "^1.3.3"
      plugin-error "^1.0.1"
      postcss "^8.3.0"
      through2 "^4.0.2"
      vinyl-sourcemaps-apply "^0.2.1"
  
  history@^5.2.0:
    version "5.3.0"
    resolved "https://registry.yarnpkg.com/history/-/history-5.3.0.tgz#1548abaa245ba47992f063a0783db91ef201c73b"
    integrity sha512-ZqaKwjjrAYUYfLG+htGaIIZ4nioX2L70ZUMIFysS3xvBsSG4x/n1V6TXV3N8ZYNuFGlDirFg32T7B6WOUPDYcQ==
    dependencies:
      "@babel/runtime" "^7.7.6"
  
  hoist-non-react-statics@^3.3.0:
    version "3.3.2"
    resolved "https://registry.yarnpkg.com/hoist-non-react-statics/-/hoist-non-react-statics-3.3.2.tgz#ece0acaf71d62c2969c2ec59feff42a4b1a85b45"
    integrity sha512-/gGivxi8JPKWNm/W0jSmzcMPpfpPLc3dY/6GxhX2hQ9iGj3aDfklV4ET7NjKpSinLpJ5vafa9iiGIEZg10SfBw==
    dependencies:
      react-is "^16.7.0"
  
  inherits@^2.0.3:
    version "2.0.4"
    resolved "https://registry.yarnpkg.com/inherits/-/inherits-2.0.4.tgz#0fa2c64f932917c3433a0ded55363aae37416b7c"
    integrity sha512-k/vGaX4/Yla3WzyMCvTQOXYeIHvqOKtnqBduzTHpzpQZzAskKMhZ2K+EnBiSM9zGSoIFeMpXKxa4dYeZIQqewQ==
  
  is-extendable@^1.0.1:
    version "1.0.1"
    resolved "https://registry.yarnpkg.com/is-extendable/-/is-extendable-1.0.1.tgz#a7470f9e426733d81bd81e1155264e3a3507cab4"
    integrity sha512-arnXMxT1hhoKo9k1LZdmlNyJdDDfy2v0fXjFlmok4+i8ul/6WlbVge9bhM74OpNPQPMGUToDtz+KXa1PneJxOA==
    dependencies:
      is-plain-object "^2.0.4"
  
  is-plain-object@^2.0.4:
    version "2.0.4"
    resolved "https://registry.yarnpkg.com/is-plain-object/-/is-plain-object-2.0.4.tgz#2c163b3fafb1b606d9d17928f05c2a1c38e07677"
    integrity sha512-h5PpgXkWitc38BBMYawTYMWJHFZJVnBquFE57xFpjB8pJFiF6gZ+bU+WyI/yqXiFR5mdLsgYNaPe8uao6Uv9Og==
    dependencies:
      isobject "^3.0.1"
  
  isobject@^3.0.1:
    version "3.0.1"
    resolved "https://registry.yarnpkg.com/isobject/-/isobject-3.0.1.tgz#4e431e92b11a9731636aa1f9c8d1ccbcfdab78df"
    integrity sha512-WhB9zCku7EGTj/HQQRz5aUQEUeoQZH2bWcltRErOpymJ4boYE6wL9Tbr23krRPSZ+C5zqNSrSw+Cc7sZZ4b7vg==
  
  js-cookie@^3.0.1:
    version "3.0.1"
    resolved "https://registry.yarnpkg.com/js-cookie/-/js-cookie-3.0.1.tgz#9e39b4c6c2f56563708d7d31f6f5f21873a92414"
    integrity sha512-+0rgsUXZu4ncpPxRL+lNEptWMOWl9etvPHc/koSRp6MPwpRYAhmk0dUG00J4bxVV3r9uUzfo24wW0knS07SKSw==
  
  "js-tokens@^3.0.0 || ^4.0.0":
    version "4.0.0"
    resolved "https://registry.yarnpkg.com/js-tokens/-/js-tokens-4.0.0.tgz#19203fb59991df98e3a287050d4647cdeaf32499"
    integrity sha512-RdJUflcE3cUzKiMqQgsCu06FPu9UdIJO0beYbPhHN4k6apgJtifcoCtT9bcxOpYBtpD2kCM6Sbzg4CausW/PKQ==
  
  jsonp@^0.2.1:
    version "0.2.1"
    resolved "https://registry.yarnpkg.com/jsonp/-/jsonp-0.2.1.tgz#a65b4fa0f10bda719a05441ea7b94c55f3e15bae"
    integrity sha512-pfog5gdDxPdV4eP7Kg87M8/bHgshlZ5pybl+yKxAnCZ5O7lCIn7Ixydj03wOlnDQesky2BPyA91SQ+5Y/mNwzw==
    dependencies:
      debug "^2.1.3"
  
  lodash-es@^4.17.21:
    version "4.17.21"
    resolved "https://registry.yarnpkg.com/lodash-es/-/lodash-es-4.17.21.tgz#43e626c46e6591b7750beb2b50117390c609e3ee"
    integrity sha512-mKnC+QJ9pWVzv+C4/U3rRsHapFfHvQFoFB92e52xeyGMcX6/OlIl78je1u8vePzYZSkkogMPJ2yjxxsb89cxyw==
  
  lodash@^4.17.21:
    version "4.17.21"
    resolved "https://registry.yarnpkg.com/lodash/-/lodash-4.17.21.tgz#679591c564c3bffaae8454cf0b3df370c3d6911c"
    integrity sha512-v2kDEe57lecTulaDIuNTPy3Ry4gLGJ6Z1O3vE1krgXZNrsQ+LFTGHVxVjcXPs17LhbZVGedAJv8XZ1tvj5FvSg==
  
  loose-envify@^1.0.0, loose-envify@^1.4.0:
    version "1.4.0"
    resolved "https://registry.yarnpkg.com/loose-envify/-/loose-envify-1.4.0.tgz#71ee51fa7be4caec1a63839f7e682d8132d30caf"
    integrity sha512-lyuxPGr/Wfhrlem2CL/UcnUc1zcqKAImBDzukY7Y5F/yQiNdko6+fRLevlw1HgMySw7f611UIY408EtxRSoK3Q==
    dependencies:
      js-tokens "^3.0.0 || ^4.0.0"
  
  ms@2.0.0:
    version "2.0.0"
    resolved "https://registry.yarnpkg.com/ms/-/ms-2.0.0.tgz#5608aeadfc00be6c2901df5f9861788de0d597c8"
    integrity sha512-Tpp60P6IUJDTuOq/5Z8cdskzJujfwqfOTkrwIwj7IRISpnkJnT6SyJ4PCPnGMoFjC9ddhal5KVIYtAt97ix05A==
  
  nanoclone@^0.2.1:
    version "0.2.1"
    resolved "https://registry.yarnpkg.com/nanoclone/-/nanoclone-0.2.1.tgz#dd4090f8f1a110d26bb32c49ed2f5b9235209ed4"
    integrity sha512-wynEP02LmIbLpcYw8uBKpcfF6dmg2vcpKqxeH5UcoKEYdExslsdUA4ugFauuaeYdTB76ez6gJW8XAZ6CgkXYxA==
  
  nanoid@^3.3.4:
    version "3.3.4"
    resolved "https://registry.yarnpkg.com/nanoid/-/nanoid-3.3.4.tgz#730b67e3cd09e2deacf03c027c81c9d9dbc5e8ab"
    integrity sha512-MqBkQh/OHTS2egovRtLk45wEyNXwF+cokD+1YPf9u5VfJiRdAiRwB2froX5Co9Rh20xs4siNPm8naNotSD6RBw==
  
  node-releases@^2.0.5:
    version "2.0.5"
    resolved "https://registry.yarnpkg.com/node-releases/-/node-releases-2.0.5.tgz#280ed5bc3eba0d96ce44897d8aee478bfb3d9666"
    integrity sha512-U9h1NLROZTq9uE1SNffn6WuPDg8icmi3ns4rEl/oTfIle4iLjTliCzgTsbaIFMq/Xn078/lfY/BL0GWZ+psK4Q==
  
  normalize-range@^0.1.2:
    version "0.1.2"
    resolved "https://registry.yarnpkg.com/normalize-range/-/normalize-range-0.1.2.tgz#2d10c06bdfd312ea9777695a4d28439456b75942"
    integrity sha512-bdok/XvKII3nUpklnV6P2hxtMNrCboOjAcyBuQnWEhO665FwrSNRxU+AqpsyvO6LgGYPspN+lu5CLtw4jPRKNA==
  
  object-assign@^4.1.1:
    version "4.1.1"
    resolved "https://registry.yarnpkg.com/object-assign/-/object-assign-4.1.1.tgz#2109adc7965887cfc05cbbd442cac8bfbb360863"
    integrity sha512-rJgTQnkUnH1sFw8yT6VSU3zD3sWmu6sZhIseY8VX+GRu3P6F7Fu+JNDoXfklElbLJSnc3FUQHVe4cU5hj+BcUg==
  
  parse-node-version@^1.0.0:
    version "1.0.1"
    resolved "https://registry.yarnpkg.com/parse-node-version/-/parse-node-version-1.0.1.tgz#e2b5dbede00e7fa9bc363607f53327e8b073189b"
    integrity sha512-3YHlOa/JgH6Mnpr05jP9eDG254US9ek25LyIxZlDItp2iJtwyaXQb57lBYLdT3MowkUFYEV2XXNAYIPlESvJlA==
  
  performance-now@^2.1.0:
    version "2.1.0"
    resolved "https://registry.yarnpkg.com/performance-now/-/performance-now-2.1.0.tgz#6309f4e0e5fa913ec1c69307ae364b4b377c9e7b"
    integrity sha512-7EAHlyLHI56VEIdK57uwHdHKIaAGbnXPiw0yWbarQZOKaKpvUIgW0jWRVLiatnM+XXlSwsanIBH/hzGMJulMow==
  
  picocolors@^1.0.0:
    version "1.0.0"
    resolved "https://registry.yarnpkg.com/picocolors/-/picocolors-1.0.0.tgz#cb5bdc74ff3f51892236eaf79d68bc44564ab81c"
    integrity sha512-1fygroTLlHu66zi26VoTDv8yRgm0Fccecssto+MhsZ0D/DGW2sm8E8AjW7NU5VVTRt5GxbeZ5qBuJr+HyLYkjQ==
  
  plugin-error@^1.0.1:
    version "1.0.1"
    resolved "https://registry.yarnpkg.com/plugin-error/-/plugin-error-1.0.1.tgz#77016bd8919d0ac377fdcdd0322328953ca5781c"
    integrity sha512-L1zP0dk7vGweZME2i+EeakvUNqSrdiI3F91TwEoYiGrAfUXmVv6fJIq4g82PAXxNsWOp0J7ZqQy/3Szz0ajTxA==
    dependencies:
      ansi-colors "^1.0.1"
      arr-diff "^4.0.0"
      arr-union "^3.1.0"
      extend-shallow "^3.0.2"
  
  postcss-value-parser@^4.2.0:
    version "4.2.0"
    resolved "https://registry.yarnpkg.com/postcss-value-parser/-/postcss-value-parser-4.2.0.tgz#723c09920836ba6d3e5af019f92bc0971c02e514"
    integrity sha512-1NNCs6uurfkVbeXG4S8JFT9t19m45ICnif8zWLd5oPSZ50QnwMfK+H3jv408d4jw/7Bttv5axS5IiHoLaVNHeQ==
  
  postcss@^8.3.0:
    version "8.4.14"
    resolved "https://registry.yarnpkg.com/postcss/-/postcss-8.4.14.tgz#ee9274d5622b4858c1007a74d76e42e56fd21caf"
    integrity sha512-E398TUmfAYFPBSdzgeieK2Y1+1cpdxJx8yXbK/m57nRhKSmk1GB2tO4lbLBtlkfPQTDKfe4Xqv1ASWPpayPEig==
    dependencies:
      nanoid "^3.3.4"
      picocolors "^1.0.0"
      source-map-js "^1.0.2"
  
  prop-types@^15.5.8, prop-types@^15.7.2, prop-types@^15.8.1:
    version "15.8.1"
    resolved "https://registry.yarnpkg.com/prop-types/-/prop-types-15.8.1.tgz#67d87bf1a694f48435cf332c24af10214a3140b5"
    integrity sha512-oj87CgZICdulUohogVAR7AjlC0327U4el4L6eAvOqCeudMDVU0NThNaV+b9Df4dXgSP1gXMTnPdhfe/2qDH5cg==
    dependencies:
      loose-envify "^1.4.0"
      object-assign "^4.1.1"
      react-is "^16.13.1"
  
  property-expr@^2.0.4:
    version "2.0.5"
    resolved "https://registry.yarnpkg.com/property-expr/-/property-expr-2.0.5.tgz#278bdb15308ae16af3e3b9640024524f4dc02cb4"
    integrity sha512-IJUkICM5dP5znhCckHSv30Q4b5/JA5enCtkRHYaOVOAocnH/1BQEYTC5NMfT3AVl/iXKdr3aqQbQn9DxyWknwA==
  
  raf@^3.3.0:
    version "3.4.1"
    resolved "https://registry.yarnpkg.com/raf/-/raf-3.4.1.tgz#0742e99a4a6552f445d73e3ee0328af0ff1ede39"
    integrity sha512-Sq4CW4QhwOHE8ucn6J34MqtZCeWFP2aQSmrlroYgqAV1PjStIhJXxYuTgUIfkEk7zTLjmIjLmU5q+fbD1NnOJA==
    dependencies:
      performance-now "^2.1.0"
  
  react-apollo@^3.1.5:
    version "3.1.5"
    resolved "https://registry.yarnpkg.com/react-apollo/-/react-apollo-3.1.5.tgz#36692d393c47e7ccc37f0a885c7cc5a8b4961c91"
    integrity sha512-xOxMqxORps+WHrUYbjVHPliviomefOpu5Sh35oO3osuOyPTxvrljdfTLGCggMhcXBsDljtS5Oy4g+ijWg3D4JQ==
    dependencies:
      "@apollo/react-common" "^3.1.4"
      "@apollo/react-components" "^3.1.5"
      "@apollo/react-hoc" "^3.1.5"
      "@apollo/react-hooks" "^3.1.5"
      "@apollo/react-ssr" "^3.1.5"
  
  react-copy-to-clipboard@^5.1.0:
    version "5.1.0"
    resolved "https://registry.yarnpkg.com/react-copy-to-clipboard/-/react-copy-to-clipboard-5.1.0.tgz#09aae5ec4c62750ccb2e6421a58725eabc41255c"
    integrity sha512-k61RsNgAayIJNoy9yDsYzDe/yAZAzEbEgcz3DZMhF686LEyukcE1hzurxe85JandPUG+yTfGVFzuEw3xt8WP/A==
    dependencies:
      copy-to-clipboard "^3.3.1"
      prop-types "^15.8.1"
  
  react-is@^16.13.1, react-is@^16.7.0:
    version "16.13.1"
    resolved "https://registry.yarnpkg.com/react-is/-/react-is-16.13.1.tgz#789729a4dc36de2999dc156dd6c1d9c18cea56a4"
    integrity sha512-24e6ynE2H+OKt4kqsOvNd8kBpV65zoxbA4BVsEOB3ARVWQki/DHzaUoC5KuON/BiccDaCCTZBuOcfZs70kR8bQ==
  
  react-lifecycles-compat@^3.0.0:
    version "3.0.4"
    resolved "https://registry.yarnpkg.com/react-lifecycles-compat/-/react-lifecycles-compat-3.0.4.tgz#4f1a273afdfc8f3488a8c516bfda78f872352362"
    integrity sha512-fBASbA6LnOU9dOU2eW7aQ8xmYBSXUIWr+UmF9b1efZBazGNO+rcXT/icdKnYm2pTwcRylVUYwW7H1PHfLekVzA==
  
  react-modal@^3.14.4:
    version "3.15.1"
    resolved "https://registry.yarnpkg.com/react-modal/-/react-modal-3.15.1.tgz#950ce67bfef80971182dd0ed38f2d9b1a681288b"
    integrity sha512-duB9bxOaYg7Zt6TMFldIFxQRtSP+Dg3F1ZX3FXxSUn+3tZZ/9JCgeAQKDg7rhZSAqopq8TFRw3yIbnx77gyFTw==
    dependencies:
      exenv "^1.2.0"
      prop-types "^15.7.2"
      react-lifecycles-compat "^3.0.0"
      warning "^4.0.3"
  
  react-router-dom@^6.2.2:
    version "6.3.0"
    resolved "https://registry.yarnpkg.com/react-router-dom/-/react-router-dom-6.3.0.tgz#a0216da813454e521905b5fa55e0e5176123f43d"
    integrity sha512-uaJj7LKytRxZNQV8+RbzJWnJ8K2nPsOOEuX7aQstlMZKQT0164C+X2w6bnkqU3sjtLvpd5ojrezAyfZ1+0sStw==
    dependencies:
      history "^5.2.0"
      react-router "6.3.0"
  
  react-router@6.3.0:
    version "6.3.0"
    resolved "https://registry.yarnpkg.com/react-router/-/react-router-6.3.0.tgz#3970cc64b4cb4eae0c1ea5203a80334fdd175557"
    integrity sha512-7Wh1DzVQ+tlFjkeo+ujvjSqSJmkt1+8JO+T5xklPlgrh70y7ogx75ODRW0ThWhY7S+6yEDks8TYrtQe/aoboBQ==
    dependencies:
      history "^5.2.0"
  
  react-share@^4.4.1:
    version "4.4.1"
    resolved "https://registry.yarnpkg.com/react-share/-/react-share-4.4.1.tgz#4bfb0b512e26afedfea2fb66eb13c95c28fb216a"
    integrity sha512-AJ9m9RiJssqvYg7MoJUc9J0D7b/liWrsfQ99ndKc5vJ4oVHHd4Fy87jBlKEQPibT40oYA3AQ/a9/oQY6/yaigw==
    dependencies:
      classnames "^2.3.2"
      jsonp "^0.2.1"
  
  react-sticky@^6.0.3:
    version "6.0.3"
    resolved "https://registry.yarnpkg.com/react-sticky/-/react-sticky-6.0.3.tgz#7a18b643e1863da113d7f7036118d2a75d9ecde4"
    integrity sha512-LNH4UJlRatOqo29/VHxDZOf6fwbgfgcHO4mkEFvrie5FuaZCSTGtug5R8NGqJ0kSnX8gHw8qZN37FcvnFBJpTQ==
    dependencies:
      prop-types "^15.5.8"
      raf "^3.3.0"
  
  readable-stream@3:
    version "3.6.0"
    resolved "https://registry.yarnpkg.com/readable-stream/-/readable-stream-3.6.0.tgz#337bbda3adc0706bd3e024426a286d4b4b2c9198"
    integrity sha512-BViHy7LKeTz4oNnkcLJ+lVSL6vpiFeX6/d3oSH8zCW7UxP2onchk+vTGB143xuFjHS3deTgkKoXXymXqymiIdA==
    dependencies:
      inherits "^2.0.3"
      string_decoder "^1.1.1"
      util-deprecate "^1.0.1"
  
  regenerator-runtime@^0.13.4:
    version "0.13.9"
    resolved "https://registry.yarnpkg.com/regenerator-runtime/-/regenerator-runtime-0.13.9.tgz#8925742a98ffd90814988d7566ad30ca3b263b52"
    integrity sha512-p3VT+cOEgxFsRRA9X4lkI1E+k2/CtnKtU4gcxyaCUreilL/vqI6CdZ3wxVUx3UOUg+gnUOQQcRI7BmSI656MYA==
  
  safe-buffer@~5.2.0:
    version "5.2.1"
    resolved "https://registry.yarnpkg.com/safe-buffer/-/safe-buffer-5.2.1.tgz#1eaf9fa9bdb1fdd4ec75f58f9cdb4e6b7827eec6"
    integrity sha512-rp3So07KcdmmKbGvgaNxQSJr7bGVSVk5S9Eq1F+ppbRo70+YeaDxkw5Dd8NPN+GD6bjnYm2VuPuCXmpuYvmCXQ==
  
  source-map-js@^1.0.2:
    version "1.0.2"
    resolved "https://registry.yarnpkg.com/source-map-js/-/source-map-js-1.0.2.tgz#adbc361d9c62df380125e7f161f71c826f1e490c"
    integrity sha512-R0XvVJ9WusLiqTCEiGCmICCMplcCkIwwR11mOSD9CR5u+IXYdiseeEuXCVAjS54zqwkLcPNnmU4OeJ6tUrWhDw==
  
  source-map@^0.5.1:
    version "0.5.7"
    resolved "https://registry.yarnpkg.com/source-map/-/source-map-0.5.7.tgz#8a039d2d1021d22d1ea14c80d8ea468ba2ef3fcc"
    integrity sha512-LbrmJOMUSdEVxIKvdcJzQC+nQhe8FUZQTXQy6+I75skNgn3OoQ0DZA8YnFa7gp8tqtL3KPf1kmo0R5DoApeSGQ==
  
  string_decoder@^1.1.1:
    version "1.3.0"
    resolved "https://registry.yarnpkg.com/string_decoder/-/string_decoder-1.3.0.tgz#42f114594a46cf1a8e30b0a84f56c78c3edac21e"
    integrity sha512-hkRX8U1WjJFd8LsDJ2yQ/wWWxaopEsABU1XfkM8A+j0+85JAGppt16cr1Whg6KIbb4okU6Mql6BOj+uup/wKeA==
    dependencies:
      safe-buffer "~5.2.0"
  
  through2@^4.0.2:
    version "4.0.2"
    resolved "https://registry.yarnpkg.com/through2/-/through2-4.0.2.tgz#a7ce3ac2a7a8b0b966c80e7c49f0484c3b239764"
    integrity sha512-iOqSav00cVxEEICeD7TjLB1sueEL+81Wpzp2bY17uZjZN0pWZPuo4suZ/61VujxmqSGFfgOcNuTZ85QJwNZQpw==
    dependencies:
      readable-stream "3"
  
  time-stamp@^1.0.0:
    version "1.1.0"
    resolved "https://registry.yarnpkg.com/time-stamp/-/time-stamp-1.1.0.tgz#764a5a11af50561921b133f3b44e618687e0f5c3"
    integrity sha512-gLCeArryy2yNTRzTGKbZbloctj64jkZ57hj5zdraXue6aFgd6PmvVtEyiUU+hvU0v7q08oVv8r8ev0tRo6bvgw==
  
  toggle-selection@^1.0.6:
    version "1.0.6"
    resolved "https://registry.yarnpkg.com/toggle-selection/-/toggle-selection-1.0.6.tgz#6e45b1263f2017fa0acc7d89d78b15b8bf77da32"
    integrity sha512-BiZS+C1OS8g/q2RRbJmy59xpyghNBqrr6k5L/uKBGRsTfxmu3ffiRnd8mlGPUVayg8pvfi5urfnu8TU7DVOkLQ==
  
  toposort@^2.0.2:
    version "2.0.2"
    resolved "https://registry.yarnpkg.com/toposort/-/toposort-2.0.2.tgz#ae21768175d1559d48bef35420b2f4962f09c330"
    integrity sha512-0a5EOkAUp8D4moMi2W8ZF8jcga7BgZd91O/yabJCFY8az+XSzeGyTKs0Aoo897iV1Nj6guFq8orWDS96z91oGg==
  
  ts-invariant@^0.4.4:
    version "0.4.4"
    resolved "https://registry.yarnpkg.com/ts-invariant/-/ts-invariant-0.4.4.tgz#97a523518688f93aafad01b0e80eb803eb2abd86"
    integrity sha512-uEtWkFM/sdZvRNNDL3Ehu4WVpwaulhwQszV8mrtcdeE8nN00BV9mAmQ88RkrBhFgl9gMgvjJLAQcZbnPXI9mlA==
    dependencies:
      tslib "^1.9.3"
  
  tslib@^1.10.0, tslib@^1.9.3:
    version "1.14.1"
    resolved "https://registry.yarnpkg.com/tslib/-/tslib-1.14.1.tgz#cf2d38bdc34a134bcaf1091c41f6619e2f672d00"
    integrity sha512-Xni35NKzjgMrwevysHTCArtLDpPvye8zV/0E4EyYn43P7/7qvQwPh9BGkHewbMulVntbigmcT7rdX3BNo9wRJg==
  
  update-browserslist-db@^1.0.0:
    version "1.0.3"
    resolved "https://registry.yarnpkg.com/update-browserslist-db/-/update-browserslist-db-1.0.3.tgz#6c47cb996f34afb363e924748e2f6e4d983c6fc1"
    integrity sha512-ufSazemeh9Gty0qiWtoRpJ9F5Q5W3xdIPm1UZQqYQv/q0Nyb9EMHUB2lu+O9x1re9WsorpMAUu4Y6Lxcs5n+XQ==
    dependencies:
      escalade "^3.1.1"
      picocolors "^1.0.0"
  
  util-deprecate@^1.0.1:
    version "1.0.2"
    resolved "https://registry.yarnpkg.com/util-deprecate/-/util-deprecate-1.0.2.tgz#450d4dc9fa70de732762fbd2d4a28981419a0ccf"
    integrity sha512-EPD5q1uXyFxJpCrLnCc1nHnq3gOa6DZBocAIiI2TaSCA7VCJ1UJDMagCzIkXNsUYfD1daK//LTEQ8xiIbrHtcw==
  
  vinyl-sourcemaps-apply@^0.2.1:
    version "0.2.1"
    resolved "https://registry.yarnpkg.com/vinyl-sourcemaps-apply/-/vinyl-sourcemaps-apply-0.2.1.tgz#ab6549d61d172c2b1b87be5c508d239c8ef87705"
    integrity sha512-+oDh3KYZBoZC8hfocrbrxbLUeaYtQK7J5WU5Br9VqWqmCll3tFJqKp97GC9GmMsVIL0qnx2DgEDVxdo5EZ5sSw==
    dependencies:
      source-map "^0.5.1"
  
  "vtex.add-to-cart-button@http://vtex.vtexassets.com/_v/public/typings/v1/vtex.add-to-cart-button@0.30.1/public/@types/vtex.add-to-cart-button":
    version "0.30.1"
    resolved "http://vtex.vtexassets.com/_v/public/typings/v1/vtex.add-to-cart-button@0.30.1/public/@types/vtex.add-to-cart-button#3f99a4dc19fdbce495de633cb6651ce14bc33eaa"
  
  "vtex.availability-notify@http://vtex.vtexassets.com/_v/public/typings/v1/vtex.availability-notify@1.11.1/public/@types/vtex.availability-notify":
    version "1.11.1"
    resolved "http://vtex.vtexassets.com/_v/public/typings/v1/vtex.availability-notify@1.11.1/public/@types/vtex.availability-notify#aec4d73d149c4894fb730cd328adecfd9e2b75ca"
  
  "vtex.checkout-resources@http://vtex.vtexassets.com/_v/public/typings/v1/vtex.checkout-resources@0.49.0/public/@types/vtex.checkout-resources":
    version "0.49.0"
    resolved "http://vtex.vtexassets.com/_v/public/typings/v1/vtex.checkout-resources@0.49.0/public/@types/vtex.checkout-resources#a7d7620fce143e5dc7a9075ce2fc74727ab132c4"
  
  "vtex.condition-layout@http://vtex.vtexassets.com/_v/public/typings/v1/vtex.condition-layout@2.8.1/public/@types/vtex.condition-layout":
    version "2.8.1"
    resolved "http://vtex.vtexassets.com/_v/public/typings/v1/vtex.condition-layout@2.8.1/public/@types/vtex.condition-layout#59d2d0f17849703ddea25436a72c6cf3e300d6b4"
  
  "vtex.iframe@http://vtex.vtexassets.com/_v/public/typings/v1/vtex.iframe@0.6.0/public/@types/vtex.iframe":
    version "0.6.0"
    resolved "http://vtex.vtexassets.com/_v/public/typings/v1/vtex.iframe@0.6.0/public/@types/vtex.iframe#5a88fc458afaf396dad230f965b449e6d86c5726"
  
  "vtex.locale-switcher@http://vtex.vtexassets.com/_v/public/typings/v1/vtex.locale-switcher@0.5.6/public/@types/vtex.locale-switcher":
    version "0.5.6"
    resolved "http://vtex.vtexassets.com/_v/public/typings/v1/vtex.locale-switcher@0.5.6/public/@types/vtex.locale-switcher#5db8558af5593d65e4fff3da0903d0081dfcab42"
  
  "vtex.login@http://vtex.vtexassets.com/_v/public/typings/v1/vtex.login@2.57.0/public/@types/vtex.login":
    version "2.57.0"
    resolved "http://vtex.vtexassets.com/_v/public/typings/v1/vtex.login@2.57.0/public/@types/vtex.login#1514f61f78eb593c57d36178727592341617bb4d"
  
  "vtex.menu@http://vtex.vtexassets.com/_v/public/typings/v1/vtex.menu@2.35.1/public/@types/vtex.menu":
    version "2.35.1"
    resolved "http://vtex.vtexassets.com/_v/public/typings/v1/vtex.menu@2.35.1/public/@types/vtex.menu#4f3c5748c116a441904efca1fde31a95415a4808"
  
  "vtex.minicart@http://vtex.vtexassets.com/_v/public/typings/v1/vtex.minicart@2.67.1/public/@types/vtex.minicart":
    version "2.67.1"
    resolved "http://vtex.vtexassets.com/_v/public/typings/v1/vtex.minicart@2.67.1/public/@types/vtex.minicart#d0c160a87d987c8a2a48890bb76f28b17ba7c0db"
  
  "vtex.modal-layout@http://vtex.vtexassets.com/_v/public/typings/v1/vtex.modal-layout@0.14.0/public/@types/vtex.modal-layout":
    version "0.14.0"
    resolved "http://vtex.vtexassets.com/_v/public/typings/v1/vtex.modal-layout@0.14.0/public/@types/vtex.modal-layout#d5787b816241602f87aa7b57c30f300dd4367105"
  
  "vtex.my-account@http://vtex.vtexassets.com/_v/public/typings/v1/vtex.my-account@1.25.0/public/@types/vtex.my-account":
    version "1.25.0"
    resolved "http://vtex.vtexassets.com/_v/public/typings/v1/vtex.my-account@1.25.0/public/@types/vtex.my-account#3bc46389c0aa28f4e3e2e008fe3690f5901b1f2a"
  
  "vtex.native-types@http://vtex.vtexassets.com/_v/public/typings/v1/vtex.native-types@0.10.0/public/@types/vtex.native-types":
    version "0.10.0"
    resolved "http://vtex.vtexassets.com/_v/public/typings/v1/vtex.native-types@0.10.0/public/@types/vtex.native-types#b24c375354e8c46e39448e63a8ef762baca86c61"
  
  "vtex.order-manager@http://vtex.vtexassets.com/_v/public/typings/v1/vtex.order-manager@0.12.0/public/@types/vtex.order-manager":
    version "0.12.0"
    resolved "http://vtex.vtexassets.com/_v/public/typings/v1/vtex.order-manager@0.12.0/public/@types/vtex.order-manager#2cf6a9d2a31bc503b783c257695b0d17c09b5696"
  
  "vtex.order-placed@http://vtex.vtexassets.com/_v/public/typings/v1/vtex.order-placed@2.17.0/public/@types/vtex.order-placed":
    version "2.17.0"
    resolved "http://vtex.vtexassets.com/_v/public/typings/v1/vtex.order-placed@2.17.0/public/@types/vtex.order-placed#163d12df1a16af68f5e360c29973ab9c7b274000"
  
  "vtex.pixel-manager@http://vtex.vtexassets.com/_v/public/typings/v1/vtex.pixel-manager@1.9.0/public/@types/vtex.pixel-manager":
    version "1.9.0"
    resolved "http://vtex.vtexassets.com/_v/public/typings/v1/vtex.pixel-manager@1.9.0/public/@types/vtex.pixel-manager#eb61e263c4f8024430ef1a19d28bcf608db3d481"
  
  "vtex.product-availability@http://vtex.vtexassets.com/_v/public/typings/v1/vtex.product-availability@0.3.1/public/@types/vtex.product-availability":
    version "0.3.1"
    resolved "http://vtex.vtexassets.com/_v/public/typings/v1/vtex.product-availability@0.3.1/public/@types/vtex.product-availability#2fd58086ab7d5f738cb1a9da79239d637072f84d"
  
  "vtex.product-context@http://vtex.vtexassets.com/_v/public/typings/v1/vtex.product-context@0.10.0/public/@types/vtex.product-context":
    version "0.10.0"
    resolved "http://vtex.vtexassets.com/_v/public/typings/v1/vtex.product-context@0.10.0/public/@types/vtex.product-context#c5e2a97b404004681ee12f4fff7e6b62157786cc"
  
  "vtex.product-details@http://vtex.vtexassets.com/_v/public/typings/v1/vtex.product-details@1.22.0/public/@types/vtex.product-details":
    version "1.22.0"
    resolved "http://vtex.vtexassets.com/_v/public/typings/v1/vtex.product-details@1.22.0/public/@types/vtex.product-details#c2829a3a2c8b8f48ee273280a86859449b9835f8"
  
  "vtex.product-highlights@http://vtex.vtexassets.com/_v/public/typings/v1/vtex.product-highlights@2.3.0/public/@types/vtex.product-highlights":
    version "2.3.0"
    resolved "http://vtex.vtexassets.com/_v/public/typings/v1/vtex.product-highlights@2.3.0/public/@types/vtex.product-highlights#ee2e664a9d45e42e147612e92f0decccaac23dc8"
  
  "vtex.product-list@http://vtex.vtexassets.com/_v/public/typings/v1/vtex.product-list@0.37.1/public/@types/vtex.product-list":
    version "0.37.1"
    resolved "http://vtex.vtexassets.com/_v/public/typings/v1/vtex.product-list@0.37.1/public/@types/vtex.product-list#9b4faad9194f5aa2a74e3848eb560b11c5b98513"
  
  "vtex.product-price@http://vtex.vtexassets.com/_v/public/typings/v1/vtex.product-price@1.31.0/public/@types/vtex.product-price":
    version "1.31.0"
    resolved "http://vtex.vtexassets.com/_v/public/typings/v1/vtex.product-price@1.31.0/public/@types/vtex.product-price#d3b0672704ea7ed104d86edbef282708381d5347"
  
  "vtex.product-quantity@http://vtex.vtexassets.com/_v/public/typings/v1/vtex.product-quantity@1.9.0/public/@types/vtex.product-quantity":
    version "1.9.0"
    resolved "http://vtex.vtexassets.com/_v/public/typings/v1/vtex.product-quantity@1.9.0/public/@types/vtex.product-quantity#686536c85e0bf7af98f803dc4385f959c181bb07"
  
  "vtex.product-review-interfaces@http://vtex.vtexassets.com/_v/public/typings/v1/vtex.product-review-interfaces@1.0.2/public/_types/react":
    version "1.0.2"
    resolved "http://vtex.vtexassets.com/_v/public/typings/v1/vtex.product-review-interfaces@1.0.2/public/_types/react#84d1997cdae079d1401611f3d4a4619ed914673f"
  
  "vtex.product-specification-badges@http://vtex.vtexassets.com/_v/public/typings/v1/vtex.product-specification-badges@0.3.0/public/@types/vtex.product-specification-badges":
    version "0.3.0"
    resolved "http://vtex.vtexassets.com/_v/public/typings/v1/vtex.product-specification-badges@0.3.0/public/@types/vtex.product-specification-badges#2df6b189acfabf642504df02d7b8ad406ee90c07"
  
  "vtex.product-specifications@http://vtex.vtexassets.com/_v/public/typings/v1/vtex.product-specifications@1.1.1/public/@types/vtex.product-specifications":
    version "1.1.1"
    resolved "http://vtex.vtexassets.com/_v/public/typings/v1/vtex.product-specifications@1.1.1/public/@types/vtex.product-specifications#f680211515fcab9f5498804df9402369ef2dabb8"
  
  "vtex.render-runtime@http://vtex.vtexassets.com/_v/public/typings/v1/vtex.render-runtime@8.133.2/public/@types/vtex.render-runtime":
    version "8.133.2"
    resolved "http://vtex.vtexassets.com/_v/public/typings/v1/vtex.render-runtime@8.133.2/public/@types/vtex.render-runtime#6fc9c79c52f292c67f583e96d66a56b7b61eabd1"
  
  "vtex.responsive-layout@http://vtex.vtexassets.com/_v/public/typings/v1/vtex.responsive-layout@0.1.2/public/@types/vtex.responsive-layout":
    version "0.1.2"
    resolved "http://vtex.vtexassets.com/_v/public/typings/v1/vtex.responsive-layout@0.1.2/public/@types/vtex.responsive-layout#e33f23a78afb3ffb8ff8aedc77b1ca6728583e72"
  
  "vtex.rich-text@http://vtex.vtexassets.com/_v/public/typings/v1/vtex.rich-text@0.16.0/public/@types/vtex.rich-text":
    version "0.16.0"
    resolved "http://vtex.vtexassets.com/_v/public/typings/v1/vtex.rich-text@0.16.0/public/@types/vtex.rich-text#0cdcaccffb37ae0d025894ba7055f69bc3c9aa30"
  
  "vtex.search-page-context@http://vtex.vtexassets.com/_v/public/typings/v1/vtex.search-page-context@0.2.0/public/@types/vtex.search-page-context":
    version "0.2.0"
    resolved "http://vtex.vtexassets.com/_v/public/typings/v1/vtex.search-page-context@0.2.0/public/@types/vtex.search-page-context#1b37f20648d8e4ff062ae9fffb0aa2718f172af7"
  
  "vtex.search-result@http://vtex.vtexassets.com/_v/public/typings/v1/vtex.search-result@3.122.3/public/@types/vtex.search-result":
    version "3.122.3"
    resolved "http://vtex.vtexassets.com/_v/public/typings/v1/vtex.search-result@3.122.3/public/@types/vtex.search-result#b09e61a6931bd3ee5bdd29026a6624263e747bb4"
  
  "vtex.search@http://vtex.vtexassets.com/_v/public/typings/v1/vtex.search@2.16.0/public/@types/vtex.search":
    version "2.16.0"
    resolved "http://vtex.vtexassets.com/_v/public/typings/v1/vtex.search@2.16.0/public/@types/vtex.search#6502997d15b59bddd99ded0096b929b91b10b821"
  
  "vtex.shelf@http://vtex.vtexassets.com/_v/public/typings/v1/vtex.shelf@1.47.3/public/@types/vtex.shelf":
    version "1.47.3"
    resolved "http://vtex.vtexassets.com/_v/public/typings/v1/vtex.shelf@1.47.3/public/@types/vtex.shelf#afccd7cc6bf2c23d007306062b7413f46b25cbc8"
  
  "vtex.similar-products-variants@http://vtex.vtexassets.com/_v/public/typings/v1/vtex.similar-products-variants@0.1.0/public/@types/vtex.similar-products-variants":
    version "0.1.0"
    resolved "http://vtex.vtexassets.com/_v/public/typings/v1/vtex.similar-products-variants@0.1.0/public/@types/vtex.similar-products-variants#64c6360ac942409ab359087008c9d0e62ab927aa"
  
  "vtex.slider-layout@http://vtex.vtexassets.com/_v/public/typings/v1/vtex.slider-layout@0.24.3/public/@types/vtex.slider-layout":
    version "0.24.3"
    resolved "http://vtex.vtexassets.com/_v/public/typings/v1/vtex.slider-layout@0.24.3/public/@types/vtex.slider-layout#348a0695ada3d49e4bd56e58a2bc919b0baa05cb"
  
  "vtex.slider@http://vtex.vtexassets.com/_v/public/typings/v1/vtex.slider@0.8.3/public/@types/vtex.slider":
    version "0.8.3"
    resolved "http://vtex.vtexassets.com/_v/public/typings/v1/vtex.slider@0.8.3/public/@types/vtex.slider#9b7be08012a5d3ec41fdc651235a964cb5f7db85"
  
  "vtex.sticky-layout@http://vtex.vtexassets.com/_v/public/typings/v1/vtex.sticky-layout@0.3.4/public/@types/vtex.sticky-layout":
    version "0.3.4"
    resolved "http://vtex.vtexassets.com/_v/public/typings/v1/vtex.sticky-layout@0.3.4/public/@types/vtex.sticky-layout#5b786d6f9ab0a40e4997c955a75885eee32515ef"
  
  "vtex.store-footer@http://vtex.vtexassets.com/_v/public/typings/v1/vtex.store-footer@2.27.0/public/@types/vtex.store-footer":
    version "2.27.0"
    resolved "http://vtex.vtexassets.com/_v/public/typings/v1/vtex.store-footer@2.27.0/public/@types/vtex.store-footer#81c4e23689a6d4e97d6b8b8de930f76c7dfdcbd9"
  
  "vtex.store-form@http://vtex.vtexassets.com/_v/public/typings/v1/vtex.store-form@0.10.0/public/@types/vtex.store-form":
    version "0.10.0"
    resolved "http://vtex.vtexassets.com/_v/public/typings/v1/vtex.store-form@0.10.0/public/@types/vtex.store-form#719d7f75f44434ba94956c3472a71b8b66071829"
  
  "vtex.store-icons@http://vtex.vtexassets.com/_v/public/typings/v1/vtex.store-icons@0.18.0/public/@types/vtex.store-icons":
    version "0.18.0"
    resolved "http://vtex.vtexassets.com/_v/public/typings/v1/vtex.store-icons@0.18.0/public/@types/vtex.store-icons#0ee94d549aa283ce3a13ab987c13eac4fdfd1bba"
  
  "vtex.store-newsletter@http://vtex.vtexassets.com/_v/public/typings/v1/vtex.store-newsletter@1.3.0/public/@types/vtex.store-newsletter":
    version "1.3.0"
    resolved "http://vtex.vtexassets.com/_v/public/typings/v1/vtex.store-newsletter@1.3.0/public/@types/vtex.store-newsletter#29dd0374e8b44dbf734b7e14f31c2b11e1be71fc"
  
  "vtex.store-resources@http://vtex.vtexassets.com/_v/public/typings/v1/vtex.store-resources@0.90.0/public/@types/vtex.store-resources":
    version "0.90.0"
    resolved "http://vtex.vtexassets.com/_v/public/typings/v1/vtex.store-resources@0.90.0/public/@types/vtex.store-resources#fe8c614d89be9bd18ef5c2578a2a19a458f01c0e"
  
  "vtex.tab-layout@http://vtex.vtexassets.com/_v/public/typings/v1/vtex.tab-layout@0.4.3/public/@types/vtex.tab-layout":
    version "0.4.3"
    resolved "http://vtex.vtexassets.com/_v/public/typings/v1/vtex.tab-layout@0.4.3/public/@types/vtex.tab-layout#579ee7ffabb55ce7ed271b0af1015f41c49b7f30"
  
  "vtex.toggle-layout@http://vtex.vtexassets.com/_v/public/typings/v1/vtex.toggle-layout@0.0.3/public/@types/vtex.toggle-layout":
    version "0.0.3"
    resolved "http://vtex.vtexassets.com/_v/public/typings/v1/vtex.toggle-layout@0.0.3/public/@types/vtex.toggle-layout#71905a5085c8b19a9946c07fbdcc96e0f8d758a8"
  
  "vtex.wish-list@http://vtex.vtexassets.com/_v/public/typings/v1/vtex.wish-list@1.16.0/public/@types/vtex.wish-list":
    version "1.16.0"
    resolved "http://vtex.vtexassets.com/_v/public/typings/v1/vtex.wish-list@1.16.0/public/@types/vtex.wish-list#136ab3f6452cf2552f9c521257f0726e5e7fa2e3"
  
  warning@^4.0.3:
    version "4.0.3"
    resolved "https://registry.yarnpkg.com/warning/-/warning-4.0.3.tgz#16e9e077eb8a86d6af7d64aa1e05fd85b4678ca3"
    integrity sha512-rpJyN222KWIvHJ/F53XSZv0Zl/accqHR8et1kpaMTD/fLCRxtV8iX8czMzY7sVZupTI3zcUTg8eycS2kNF9l6w==
    dependencies:
      loose-envify "^1.0.0"
  
  "yourviews.yourviewsreviews@http://yourviews.vtexassets.com/_v/public/typings/v1/yourviews.yourviewsreviews@0.81.0/public/@types/yourviews.yourviewsreviews":
    version "0.81.0"
    resolved "http://yourviews.vtexassets.com/_v/public/typings/v1/yourviews.yourviewsreviews@0.81.0/public/@types/yourviews.yourviewsreviews#de8feb05aeb44bcb6620bf5ebb8f307157d9faf3"
  
  yup@^0.32.11:
    version "0.32.11"
    resolved "https://registry.yarnpkg.com/yup/-/yup-0.32.11.tgz#d67fb83eefa4698607982e63f7ca4c5ed3cf18c5"
    integrity sha512-Z2Fe1bn+eLstG8DRR6FTavGD+MeAwyfmouhHsIUgaADz8jvFKbO/fXc2trJKZg+5EBjh4gGm3iU/t3onKlXHIg==
    dependencies:
      "@babel/runtime" "^7.15.4"
      "@types/lodash" "^4.14.175"
      lodash "^4.17.21"
      lodash-es "^4.17.21"
      nanoclone "^0.2.1"
      property-expr "^2.0.4"
      toposort "^2.0.2"
